------------------------------------------------------------ 
[INICIO] 11/11/2025  1:18:44,60 - Compilacion frontend 

> gestion-activos@10.0.0 build
> ng build

- Generating browser application bundles (phase: setup)...
¨Desea terminar el trabajo por lotes (S/N)? ------------------------------------------------------------ 
[INICIO] 11/11/2025  1:18:56,75 - Compilacion frontend 

> gestion-activos@10.0.0 build
> ng build

- Generating browser application bundles (phase: setup)...
âˆš Browser application bundle generation complete.
âˆš Browser application bundle generation complete.
- Copying assets...
âˆš Copying assets complete.
- Generating index html...
âˆš Index html generation complete.

Initial chunk files           | Names                               |  Raw size | Estimated transfer size
main.a9d2793b4923e868.js      | main                                |   1.06 MB |               218.08 kB
styles.cab1637b92a95d32.css   | styles                              |  98.12 kB |                 9.74 kB
polyfills.c7f0c0748d1e59e7.js | polyfills                           |  34.00 kB |                11.06 kB
runtime.5fc20286c6cfb4c9.js   | runtime                             |   2.83 kB |                 1.36 kB

                              | Initial total                       |   1.20 MB |               240.24 kB

Lazy chunk files              | Names                               |  Raw size | Estimated transfer size
952.bd10d5f944743ecd.js       | features-tipos-tipos-module         | 410.85 kB |               115.41 kB
568.18f4332f4a5d415b.js       | features-activos-activos-module     |  43.46 kB |                 9.11 kB
892.7dc9235852d1e686.js       | features-usuarios-usuarios-module   |  20.01 kB |                 5.29 kB
771.721df293bbfca526.js       | features-tipos-tipos-module         |  19.56 kB |                 5.00 kB
480.34d43302e6014312.js       | features-historico-historico-module |  10.19 kB |                 2.87 kB
319.55b923fd6a351644.js       | features-login-login-module         |   6.86 kB |                 2.20 kB
common.3a849cbff7190ea6.js    | common                              |   5.08 kB |                 1.56 kB
578.82df4006f1009023.js       | features-dashboard-dashboard-module |   4.77 kB |                 1.43 kB

Build at: 2025-11-11T00:19:33.013Z - Hash: c9e9aca6a528ba5b - Time: 31768ms

Warning: D:/GIT/oga-js-node/src/app/features/activos/activos.component.scss exceeded maximum budget. Budget 3.00 kB was not met by 648 bytes with a total of 3.63 kB.

Warning: D:/GIT/oga-js-node/src/app/features/usuarios/usuarios.component.scss exceeded maximum budget. Budget 3.00 kB was not met by 19 bytes with a total of 3.02 kB.

Warning: D:/GIT/oga-js-node/src/app/shared/components/topbar/topbar.component.scss exceeded maximum budget. Budget 3.00 kB was not met by 1.15 kB with a total of 4.15 kB.

Warning: bundle initial exceeded maximum budget. Budget 1.00 MB was not met by 200.29 kB with a total of 1.20 MB.


Compilacion completada correctamente. 
[INICIO] 11/11/2025  1:19:33,22 - Lanzamiento del servidor 
[FIN] 11/11/2025  1:19:33,28 - Script completado 
------------------------------------------------------------ 
